# JRE version: Java(TM) SE Runtime Environment (8.0_261-b12) (build 1.8.0_261-b12)
# Java VM: Java HotSpot(TM) 64-Bit Server VM (25.261-b12 mixed mode windows-amd64 compressed oops)
Heap:
 PSYoungGen      total 281088K, used 173394K [0x00000000d6a00000, 0x00000000eb880000, 0x0000000100000000)
  eden space 236032K, 73% used [0x00000000d6a00000,0x00000000e1354b28,0x00000000e5080000)
  from space 45056K, 0% used [0x00000000e5080000,0x00000000e5080000,0x00000000e7c80000)
  to   space 39936K, 0% used [0x00000000e7c80000,0x00000000e7c80000,0x00000000ea380000)
 ParOldGen       total 205824K, used 98160K [0x0000000083e00000, 0x0000000090700000, 0x00000000d6a00000)
  object space 205824K, 47% used [0x0000000083e00000,0x0000000089ddc380,0x0000000090700000)
 Metaspace       used 24477K, capacity 24840K, committed 25264K, reserved 1071104K
  class space    used 2821K, capacity 2927K, committed 2992K, reserved 1048576K
GC Heap History (10 events):
Event: 24.592 GC heap before
{Heap before GC invocations=18 (full 3):
 PSYoungGen      total 208384K, used 175616K [0x00000000d6a00000, 0x00000000e5a80000, 0x0000000100000000)
  eden space 175616K, 100% used [0x00000000d6a00000,0x00000000e1580000,0x00000000e1580000)
  from space 32768K, 0% used [0x00000000e3700000,0x00000000e3700000,0x00000000e5700000)
  to   space 34304K, 0% used [0x00000000e1580000,0x00000000e1580000,0x00000000e3700000)
 ParOldGen       total 150016K, used 83301K [0x0000000083e00000, 0x000000008d080000, 0x00000000d6a00000)
  object space 150016K, 55% used [0x0000000083e00000,0x0000000088f59710,0x000000008d080000)
 Metaspace       used 24426K, capacity 24776K, committed 25008K, reserved 1071104K
  class space    used 2821K, capacity 2927K, committed 2992K, reserved 1048576K
Event: 24.608 GC heap after
Heap after GC invocations=18 (full 3):
 PSYoungGen      total 209920K, used 34275K [0x00000000d6a00000, 0x00000000ea380000, 0x0000000100000000)
  eden space 175616K, 0% used [0x00000000d6a00000,0x00000000d6a00000,0x00000000e1580000)
  from space 34304K, 99% used [0x00000000e1580000,0x00000000e36f8f60,0x00000000e3700000)
  to   space 39936K, 0% used [0x00000000e7c80000,0x00000000e7c80000,0x00000000ea380000)
 ParOldGen       total 150016K, used 85141K [0x0000000083e00000, 0x000000008d080000, 0x00000000d6a00000)
  object space 150016K, 56% used [0x0000000083e00000,0x0000000089125710,0x000000008d080000)
 Metaspace       used 24426K, capacity 24776K, committed 25008K, reserved 1071104K
  class space    used 2821K, capacity 2927K, committed 2992K, reserved 1048576K
}
Event: 25.381 GC heap before
{Heap before GC invocations=19 (full 3):
 PSYoungGen      total 209920K, used 209891K [0x00000000d6a00000, 0x00000000ea380000, 0x0000000100000000)
  eden space 175616K, 100% used [0x00000000d6a00000,0x00000000e1580000,0x00000000e1580000)
  from space 34304K, 99% used [0x00000000e1580000,0x00000000e36f8f60,0x00000000e3700000)
  to   space 39936K, 0% used [0x00000000e7c80000,0x00000000e7c80000,0x00000000ea380000)
 ParOldGen       total 150016K, used 85141K [0x0000000083e00000, 0x000000008d080000, 0x00000000d6a00000)
  object space 150016K, 56% used [0x0000000083e00000,0x0000000089125710,0x000000008d080000)
 Metaspace       used 24426K, capacity 24776K, committed 25008K, reserved 1071104K
  class space    used 2821K, capacity 2927K, committed 2992K, reserved 1048576K
Event: 25.444 GC heap after
Heap after GC invocations=19 (full 3):
 PSYoungGen      total 275968K, used 36675K [0x00000000d6a00000, 0x00000000eb880000, 0x0000000100000000)
  eden space 236032K, 0% used [0x00000000d6a00000,0x00000000d6a00000,0x00000000e5080000)
  from space 39936K, 91% used [0x00000000e7c80000,0x00000000ea050f60,0x00000000ea380000)
  to   space 45056K, 0% used [0x00000000e5080000,0x00000000e5080000,0x00000000e7c80000)
 ParOldGen       total 150016K, used 117619K [0x0000000083e00000, 0x000000008d080000, 0x00000000d6a00000)
  object space 150016K, 78% used [0x0000000083e00000,0x000000008b0dcd60,0x000000008d080000)
 Metaspace       used 24426K, capacity 24776K, committed 25008K, reserved 1071104K
  class space    used 2821K, capacity 2927K, committed 2992K, reserved 1048576K
}
Event: 26.740 GC heap before
{Heap before GC invocations=20 (full 3):
 PSYoungGen      total 275968K, used 272707K [0x00000000d6a00000, 0x00000000eb880000, 0x0000000100000000)
  eden space 236032K, 100% used [0x00000000d6a00000,0x00000000e5080000,0x00000000e5080000)
  from space 39936K, 91% used [0x00000000e7c80000,0x00000000ea050f60,0x00000000ea380000)
  to   space 45056K, 0% used [0x00000000e5080000,0x00000000e5080000,0x00000000e7c80000)
 ParOldGen       total 150016K, used 117619K [0x0000000083e00000, 0x000000008d080000, 0x00000000d6a00000)
  object space 150016K, 78% used [0x0000000083e00000,0x000000008b0dcd60,0x000000008d080000)
 Metaspace       used 24457K, capacity 24840K, committed 25264K, reserved 1071104K
  class space    used 2821K, capacity 2927K, committed 2992K, reserved 1048576K
Event: 26.786 GC heap after
Heap after GC invocations=20 (full 3):
 PSYoungGen      total 281088K, used 45029K [0x00000000d6a00000, 0x00000000eb880000, 0x0000000100000000)
  eden space 236032K, 0% used [0x00000000d6a00000,0x00000000d6a00000,0x00000000e5080000)
  from space 45056K, 99% used [0x00000000e5080000,0x00000000e7c797e0,0x00000000e7c80000)
  to   space 39936K, 0% used [0x00000000e7c80000,0x00000000e7c80000,0x00000000ea380000)
 ParOldGen       total 152576K, used 152455K [0x0000000083e00000, 0x000000008d300000, 0x00000000d6a00000)
  object space 152576K, 99% used [0x0000000083e00000,0x000000008d2e1f30,0x000000008d300000)
 Metaspace       used 24457K, capacity 24840K, committed 25264K, reserved 1071104K
  class space    used 2821K, capacity 2927K, committed 2992K, reserved 1048576K
}
Event: 26.786 GC heap before
{Heap before GC invocations=21 (full 4):
 PSYoungGen      total 281088K, used 45029K [0x00000000d6a00000, 0x00000000eb880000, 0x0000000100000000)
  eden space 236032K, 0% used [0x00000000d6a00000,0x00000000d6a00000,0x00000000e5080000)
  from space 45056K, 99% used [0x00000000e5080000,0x00000000e7c797e0,0x00000000e7c80000)
  to   space 39936K, 0% used [0x00000000e7c80000,0x00000000e7c80000,0x00000000ea380000)
 ParOldGen       total 152576K, used 152455K [0x0000000083e00000, 0x000000008d300000, 0x00000000d6a00000)
  object space 152576K, 99% used [0x0000000083e00000,0x000000008d2e1f30,0x000000008d300000)
 Metaspace       used 24457K, capacity 24840K, committed 25264K, reserved 1071104K
  class space    used 2821K, capacity 2927K, committed 2992K, reserved 1048576K
Event: 26.984 GC heap after
Heap after GC invocations=21 (full 4):
 PSYoungGen      total 281088K, used 0K [0x00000000d6a00000, 0x00000000eb880000, 0x0000000100000000)
  eden space 236032K, 0% used [0x00000000d6a00000,0x00000000d6a00000,0x00000000e5080000)
  from space 45056K, 0% used [0x00000000e5080000,0x00000000e5080000,0x00000000e7c80000)
  to   space 39936K, 0% used [0x00000000e7c80000,0x00000000e7c80000,0x00000000ea380000)
 ParOldGen       total 152576K, used 139201K [0x0000000083e00000, 0x000000008d300000, 0x00000000d6a00000)
  object space 152576K, 91% used [0x0000000083e00000,0x000000008c5f05a0,0x000000008d300000)
 Metaspace       used 24457K, capacity 24840K, committed 25264K, reserved 1071104K
  class space    used 2821K, capacity 2927K, committed 2992K, reserved 1048576K
}
Event: 28.265 GC heap before
{Heap before GC invocations=22 (full 5):
 PSYoungGen      total 281088K, used 236032K [0x00000000d6a00000, 0x00000000eb880000, 0x0000000100000000)
  eden space 236032K, 100% used [0x00000000d6a00000,0x00000000e5080000,0x00000000e5080000)
  from space 45056K, 0% used [0x00000000e5080000,0x00000000e5080000,0x00000000e7c80000)
  to   space 39936K, 0% used [0x00000000e7c80000,0x00000000e7c80000,0x00000000ea380000)
 ParOldGen       total 152576K, used 139201K [0x0000000083e00000, 0x000000008d300000, 0x00000000d6a00000)
  object space 152576K, 91% used [0x0000000083e00000,0x000000008c5f05a0,0x000000008d300000)
 Metaspace       used 24471K, capacity 24840K, committed 25264K, reserved 1071104K
  class space    used 2821K, capacity 2927K, committed 2992K, reserved 1048576K
Event: 28.373 GC heap after
Heap after GC invocations=22 (full 5):
 PSYoungGen      total 281088K, used 0K [0x00000000d6a00000, 0x00000000eb880000, 0x0000000100000000)
  eden space 236032K, 0% used [0x00000000d6a00000,0x00000000d6a00000,0x00000000e5080000)
  from space 45056K, 0% used [0x00000000e5080000,0x00000000e5080000,0x00000000e7c80000)
  to   space 39936K, 0% used [0x00000000e7c80000,0x00000000e7c80000,0x00000000ea380000)
 ParOldGen       total 205824K, used 98160K [0x0000000083e00000, 0x0000000090700000, 0x00000000d6a00000)
  object space 205824K, 47% used [0x0000000083e00000,0x0000000089ddc380,0x0000000090700000)
 Metaspace       used 24471K, capacity 24840K, committed 25264K, reserved 1071104K
  class space    used 2821K, capacity 2927K, committed 2992K, reserved 1048576K
}

